<?xml version="1.0" encoding="UTF-8"?>
<!-- Generated by org.testng.reporters.JUnitReportReporter -->
<testsuite skipped="0" hostname="C02RM231G8WM" name="bank.api.cases.generated.TC28_VerifyBankAPIWhenPaymentMethodIsSwiftAndNoSwiftCode" tests="1" failures="0" timestamp="21 Apr 2019 09:42:16 GMT" time="0.722" errors="0">
  <testcase name="test_TC28_VerifyBankAPIWhenPaymentMethodIsSwiftAndNoSwiftCode" time="0.722" classname="bank.api.cases.generated.TC28_VerifyBankAPIWhenPaymentMethodIsSwiftAndNoSwiftCode"/>
</testsuite> <!-- bank.api.cases.generated.TC28_VerifyBankAPIWhenPaymentMethodIsSwiftAndNoSwiftCode -->
