<?xml version="1.0" encoding="UTF-8"?>
<!-- Generated by org.testng.reporters.JUnitReportReporter -->
<testsuite skipped="0" hostname="C02RM231G8WM" name="bank.api.cases.generated.TC02_VerifyBankAPIWhenPaymentMethodIsSwift" tests="1" failures="0" timestamp="21 Apr 2019 09:42:16 GMT" time="0.549" errors="0">
  <testcase name="test_TC02_VerifyBankAPIWhenPaymentMethodIsSwift" time="0.549" classname="bank.api.cases.generated.TC02_VerifyBankAPIWhenPaymentMethodIsSwift"/>
</testsuite> <!-- bank.api.cases.generated.TC02_VerifyBankAPIWhenPaymentMethodIsSwift -->
