<?xml version="1.0" encoding="UTF-8"?>
<!-- Generated by org.testng.reporters.JUnitReportReporter -->
<testsuite skipped="0" hostname="C02RM231G8WM" name="bank.api.cases.generated.TC38_VerifyBankAPIWhenSwiftCodeSpecificChar" tests="1" failures="0" timestamp="21 Apr 2019 09:42:16 GMT" time="1.164" errors="0">
  <testcase name="test_TC38_VerifyBankAPIWhenSwiftCodeSpecificChar" time="1.164" classname="bank.api.cases.generated.TC38_VerifyBankAPIWhenSwiftCodeSpecificChar"/>
</testsuite> <!-- bank.api.cases.generated.TC38_VerifyBankAPIWhenSwiftCodeSpecificChar -->
