<?xml version="1.0" encoding="UTF-8"?>
<!-- Generated by org.testng.reporters.JUnitReportReporter -->
<testsuite skipped="0" hostname="C02RM231G8WM" name="bank.api.cases.generated.TC07_VerifyBankAPIWhenBankCountryCodeIsNotAUCNUS" tests="1" failures="0" timestamp="21 Apr 2019 09:42:16 GMT" time="0.672" errors="0">
  <testcase name="test_TC07_VerifyBankAPIWhenBankCountryCodeIsNotAUCNUS" time="0.672" classname="bank.api.cases.generated.TC07_VerifyBankAPIWhenBankCountryCodeIsNotAUCNUS"/>
</testsuite> <!-- bank.api.cases.generated.TC07_VerifyBankAPIWhenBankCountryCodeIsNotAUCNUS -->
