<?xml version="1.0" encoding="UTF-8"?>
<!-- Generated by org.testng.reporters.JUnitReportReporter -->
<testsuite skipped="0" hostname="C02RM231G8WM" name="bank.api.cases.generated.TC26_VerifyBankAPIWhenCNAccountNumberLengthIsEight" tests="1" failures="0" timestamp="21 Apr 2019 09:42:16 GMT" time="0.457" errors="0">
  <testcase name="test_TC26_VerifyBankAPIWhenCNAccountNumberLengthIsEight" time="0.457" classname="bank.api.cases.generated.TC26_VerifyBankAPIWhenCNAccountNumberLengthIsEight"/>
</testsuite> <!-- bank.api.cases.generated.TC26_VerifyBankAPIWhenCNAccountNumberLengthIsEight -->
