<?xml version="1.0" encoding="UTF-8"?>
<!-- Generated by org.testng.reporters.JUnitReportReporter -->
<testsuite skipped="0" hostname="C02RM231G8WM" name="bank.api.cases.generated.TC35_VerifyBankAPIWhenHasABAInUS" tests="1" failures="0" timestamp="21 Apr 2019 09:42:16 GMT" time="0.614" errors="0">
  <testcase name="test_TC35_VerifyBankAPIWhenHasABAInUS" time="0.614" classname="bank.api.cases.generated.TC35_VerifyBankAPIWhenHasABAInUS"/>
</testsuite> <!-- bank.api.cases.generated.TC35_VerifyBankAPIWhenHasABAInUS -->
